#
# There is insufficient memory for the Java Runtime Environment to continue.
# Native memory allocation (mmap) failed to map 134217728 bytes for Failed to commit area from 0x0000000081c00000 to 0x0000000089c00000 of length 134217728.
# Possible reasons:
#   The system is out of physical RAM or swap space
#   The process is running with CompressedOops enabled, and the Java Heap may be blocking the growth of the native heap
# Possible solutions:
#   Reduce memory load on the system
#   Increase physical memory or swap space
#   Check if swap backing store is full
#   Decrease Java heap size (-Xmx/-Xms)
#   Decrease number of Java threads
#   Decrease Java thread stack sizes (-Xss)
#   Set larger code cache with -XX:ReservedCodeCacheSize=
#   JVM is running with Unscaled Compressed Oops mode in which the Java heap is
#     placed in the first 4GB address space. The Java Heap base address is the
#     maximum limit for the native heap growth. Please use -XX:HeapBaseMinAddress
#     to set the Java Heap base and to place the Java Heap above 4GB virtual address.
# This output file may be truncated or incomplete.
#
#  Out of Memory Error (./open/src/hotspot/os/windows/os_windows.cpp:3315), pid=8580, tid=12300
#
# JRE version:  (14.0.2+12) (build )
# Java VM: OpenJDK 64-Bit Server VM (14.0.2+12-46, mixed mode, sharing, tiered, compressed oops, g1 gc, windows-amd64)
# No core dump will be written. Minidumps are not enabled by default on client versions of Windows
#

---------------  S U M M A R Y ------------

Command Line: -Dcom.sun.management.jmxremote -Dcom.sun.management.jmxremote.port=49527 -Dcom.sun.management.jmxremote.authenticate=false -Dcom.sun.management.jmxremote.ssl=false -Djava.rmi.server.hostname=localhost -Dspring.jmx.enabled=true -Dspring.application.admin.enabled=true -Xverify:none -XX:TieredStopAtLevel=1 -Dspring.boot.project.name=microservicio-usuarios -Dfile.encoding=UTF-8 -XX:+ShowCodeDetailsInExceptionMessages inicio.MicroservicioUsuariosApplication --spring.output.ansi.enabled=always

Host: Intel(R) Core(TM) i5-8250U CPU @ 1.60GHz, 8 cores, 7G,  Windows 10 , 64 bit Build 22621 (10.0.22621.1105)
Time: Tue Feb  7 16:00:33 2023 Hora est. Pacífico, Sudamérica elapsed time: 0 seconds (0d 0h 0m 0s)

---------------  T H R E A D  ---------------

Current thread (0x0000027e07df0800):  JavaThread "Unknown thread" [_thread_in_vm, id=12300, stack(0x0000009dcb200000,0x0000009dcb300000)]

Stack: [0x0000009dcb200000,0x0000009dcb300000]
Native frames: (J=compiled Java code, j=interpreted, Vv=VM code, C=native code)
V  [jvm.dll+0x5f8a9a]
V  [jvm.dll+0x74247a]
V  [jvm.dll+0x743c2f]
V  [jvm.dll+0x744273]
V  [jvm.dll+0x20d288]
V  [jvm.dll+0x5f5dea]
V  [jvm.dll+0x5eac45]
V  [jvm.dll+0x2c7e9c]
V  [jvm.dll+0x2c7cd2]
V  [jvm.dll+0x2cdbbc]
V  [jvm.dll+0x313fe8]
V  [jvm.dll+0x313710]
V  [jvm.dll+0x2a092a]
V  [jvm.dll+0x2a1a79]
V  [jvm.dll+0x71fd48]
V  [jvm.dll+0x321c14]
V  [jvm.dll+0x70112c]
V  [jvm.dll+0x392def]
V  [jvm.dll+0x394e61]
C  [jli.dll+0x524b]
C  [ucrtbase.dll+0x29363]
C  [KERNEL32.DLL+0x126bd]
C  [ntdll.dll+0x5dfb8]


---------------  P R O C E S S  ---------------

Threads class SMR info:
_java_thread_list=0x00007ffebf643038, length=0, elements={
}

Java Threads: ( => current thread )

Other Threads:
  0x0000027e07e33800 GCTaskThread "GC Thread#0" [stack: 0x0000009dcb300000,0x0000009dcb400000] [id=15908]
  0x0000027e07e45800 ConcurrentGCThread "G1 Main Marker" [stack: 0x0000009dcb400000,0x0000009dcb500000] [id=3148]
  0x0000027e07e47000 ConcurrentGCThread "G1 Conc#0" [stack: 0x0000009dcb500000,0x0000009dcb600000] [id=12000]

[error occurred during error reporting (printing all threads), id 0xc0000005, EXCEPTION_ACCESS_VIOLATION (0xc0000005) at pc=0x00007ffebee71257]

VM state:not at safepoint (not fully initialized)

VM Mutex/Monitor currently owned by a thread:  ([mutex/lock_event])
[0x0000027e07debfd0] Heap_lock - owner thread: 0x0000027e07df0800

Heap address: 0x0000000081c00000, size: 2020 MB, Compressed Oops mode: 32-bit
Narrow klass base: 0x0000000000000000, Narrow klass shift: 0

GC Heap History (0 events):
No events

Deoptimization events (0 events):
No events

Classes unloaded (0 events):
No events

Classes redefined (0 events):
No events

Internal exceptions (0 events):
No events

Events (2 events):
Event: 0.012 Loaded shared library C:\Users\ortiz\Documents\NelsonOrtizArchivos\Spring EDX\spring\contents\sts\plugins\org.eclipse.justj.openjdk.hotspot.jre.full.win32.x86_64_14.0.2.v20200815-0932\jre\bin\java.dll
Event: 0.014 Loaded shared library C:\Users\ortiz\Documents\NelsonOrtizArchivos\Spring EDX\spring\contents\sts\plugins\org.eclipse.justj.openjdk.hotspot.jre.full.win32.x86_64_14.0.2.v20200815-0932\jre\bin\zip.dll


Dynamic libraries:
0x00007ff6090c0000 - 0x00007ff6090cd000 	C:\Users\ortiz\Documents\NelsonOrtizArchivos\Spring EDX\spring\contents\sts\plugins\org.eclipse.justj.openjdk.hotspot.jre.full.win32.x86_64_14.0.2.v20200815-0932\jre\bin\javaw.exe
0x00007fff14650000 - 0x00007fff14864000 	C:\WINDOWS\SYSTEM32\ntdll.dll
0x00007fff13e80000 - 0x00007fff13f43000 	C:\WINDOWS\System32\KERNEL32.DLL
0x00007fff11d40000 - 0x00007fff120dd000 	C:\WINDOWS\System32\KERNELBASE.dll
0x00007fff11ba0000 - 0x00007fff11cb1000 	C:\WINDOWS\System32\ucrtbase.dll
0x00007fff0e360000 - 0x00007fff0e378000 	C:\Users\ortiz\Documents\NelsonOrtizArchivos\Spring EDX\spring\contents\sts\plugins\org.eclipse.justj.openjdk.hotspot.jre.full.win32.x86_64_14.0.2.v20200815-0932\jre\bin\jli.dll
0x00007fff0e340000 - 0x00007fff0e355000 	C:\Users\ortiz\Documents\NelsonOrtizArchivos\Spring EDX\spring\contents\sts\plugins\org.eclipse.justj.openjdk.hotspot.jre.full.win32.x86_64_14.0.2.v20200815-0932\jre\bin\VCRUNTIME140.dll
0x00007fff13c70000 - 0x00007fff13e1d000 	C:\WINDOWS\System32\USER32.dll
0x00007fff12180000 - 0x00007fff121a6000 	C:\WINDOWS\System32\win32u.dll
0x00007fff14400000 - 0x00007fff14429000 	C:\WINDOWS\System32\GDI32.dll
0x00007ffef62b0000 - 0x00007ffef653e000 	C:\WINDOWS\WinSxS\amd64_microsoft.windows.common-controls_6595b64144ccf1df_6.0.22621.608_none_a9444ca7c10bb01d\COMCTL32.dll
0x00007fff121b0000 - 0x00007fff122c2000 	C:\WINDOWS\System32\gdi32full.dll
0x00007fff12570000 - 0x00007fff12617000 	C:\WINDOWS\System32\msvcrt.dll
0x00007fff120e0000 - 0x00007fff1217a000 	C:\WINDOWS\System32\msvcp_win.dll
0x00007fff14210000 - 0x00007fff14242000 	C:\WINDOWS\System32\IMM32.DLL
0x00007fff097e0000 - 0x00007fff0987b000 	C:\Users\ortiz\Documents\NelsonOrtizArchivos\Spring EDX\spring\contents\sts\plugins\org.eclipse.justj.openjdk.hotspot.jre.full.win32.x86_64_14.0.2.v20200815-0932\jre\bin\msvcp140.dll
0x00007ffebebc0000 - 0x00007ffebf6de000 	C:\Users\ortiz\Documents\NelsonOrtizArchivos\Spring EDX\spring\contents\sts\plugins\org.eclipse.justj.openjdk.hotspot.jre.full.win32.x86_64_14.0.2.v20200815-0932\jre\bin\server\jvm.dll
0x00007fff14350000 - 0x00007fff143fe000 	C:\WINDOWS\System32\ADVAPI32.dll
0x00007fff12e10000 - 0x00007fff12eb4000 	C:\WINDOWS\System32\sechost.dll
0x00007fff13b50000 - 0x00007fff13c65000 	C:\WINDOWS\System32\RPCRT4.dll
0x00007fff12560000 - 0x00007fff12568000 	C:\WINDOWS\System32\PSAPI.DLL
0x00007fff0a610000 - 0x00007fff0a644000 	C:\WINDOWS\SYSTEM32\WINMM.dll
0x00007fff0a840000 - 0x00007fff0a84a000 	C:\WINDOWS\SYSTEM32\VERSION.dll
0x00007ffefa640000 - 0x00007ffefa649000 	C:\WINDOWS\SYSTEM32\WSOCK32.dll
0x00007fff13ad0000 - 0x00007fff13b41000 	C:\WINDOWS\System32\WS2_32.dll
0x00007fff10ac0000 - 0x00007fff10ad8000 	C:\WINDOWS\SYSTEM32\kernel.appcore.dll
0x00007ffef67c0000 - 0x00007ffef67ca000 	C:\Users\ortiz\Documents\NelsonOrtizArchivos\Spring EDX\spring\contents\sts\plugins\org.eclipse.justj.openjdk.hotspot.jre.full.win32.x86_64_14.0.2.v20200815-0932\jre\bin\jimage.dll
0x00007fff0f4a0000 - 0x00007fff0f6ce000 	C:\WINDOWS\SYSTEM32\DBGHELP.DLL
0x00007fff12ec0000 - 0x00007fff1324a000 	C:\WINDOWS\System32\combase.dll
0x00007fff12ca0000 - 0x00007fff12d77000 	C:\WINDOWS\System32\OLEAUT32.dll
0x00007ffefccb0000 - 0x00007ffefcce2000 	C:\WINDOWS\SYSTEM32\dbgcore.DLL
0x00007fff11cc0000 - 0x00007fff11d3b000 	C:\WINDOWS\System32\bcryptPrimitives.dll
0x00007ffede180000 - 0x00007ffede1a5000 	C:\Users\ortiz\Documents\NelsonOrtizArchivos\Spring EDX\spring\contents\sts\plugins\org.eclipse.justj.openjdk.hotspot.jre.full.win32.x86_64_14.0.2.v20200815-0932\jre\bin\java.dll
0x00007ffee8fc0000 - 0x00007ffee8fd6000 	C:\Users\ortiz\Documents\NelsonOrtizArchivos\Spring EDX\spring\contents\sts\plugins\org.eclipse.justj.openjdk.hotspot.jre.full.win32.x86_64_14.0.2.v20200815-0932\jre\bin\zip.dll

dbghelp: loaded successfully - version: 4.0.5 - missing functions: none
symbol engine: initialized successfully - sym options: 0x614 - pdb path: .;C:\Users\ortiz\Documents\NelsonOrtizArchivos\Spring EDX\spring\contents\sts\plugins\org.eclipse.justj.openjdk.hotspot.jre.full.win32.x86_64_14.0.2.v20200815-0932\jre\bin;C:\WINDOWS\SYSTEM32;C:\WINDOWS\WinSxS\amd64_microsoft.windows.common-controls_6595b64144ccf1df_6.0.22621.608_none_a9444ca7c10bb01d;C:\Users\ortiz\Documents\NelsonOrtizArchivos\Spring EDX\spring\contents\sts\plugins\org.eclipse.justj.openjdk.hotspot.jre.full.win32.x86_64_14.0.2.v20200815-0932\jre\bin\server

VM Arguments:
jvm_args: -Dcom.sun.management.jmxremote -Dcom.sun.management.jmxremote.port=49527 -Dcom.sun.management.jmxremote.authenticate=false -Dcom.sun.management.jmxremote.ssl=false -Djava.rmi.server.hostname=localhost -Dspring.jmx.enabled=true -Dspring.application.admin.enabled=true -Xverify:none -XX:TieredStopAtLevel=1 -Dspring.boot.project.name=microservicio-usuarios -Dfile.encoding=UTF-8 -XX:+ShowCodeDetailsInExceptionMessages 
java_command: inicio.MicroservicioUsuariosApplication --spring.output.ansi.enabled=always
java_class_path (initial): C:\Users\ortiz\Documents\STS\microservicio-usuarios\target\classes;C:\Users\ortiz\.m2\repository\org\springframework\boot\spring-boot-starter-data-jpa\2.7.8\spring-boot-starter-data-jpa-2.7.8.jar;C:\Users\ortiz\.m2\repository\org\springframework\boot\spring-boot-starter-aop\2.7.8\spring-boot-starter-aop-2.7.8.jar;C:\Users\ortiz\.m2\repository\org\springframework\spring-aop\5.3.25\spring-aop-5.3.25.jar;C:\Users\ortiz\.m2\repository\org\aspectj\aspectjweaver\1.9.7\aspectjweaver-1.9.7.jar;C:\Users\ortiz\.m2\repository\org\springframework\boot\spring-boot-starter-jdbc\2.7.8\spring-boot-starter-jdbc-2.7.8.jar;C:\Users\ortiz\.m2\repository\com\zaxxer\HikariCP\4.0.3\HikariCP-4.0.3.jar;C:\Users\ortiz\.m2\repository\org\springframework\spring-jdbc\5.3.25\spring-jdbc-5.3.25.jar;C:\Users\ortiz\.m2\repository\jakarta\transaction\jakarta.transaction-api\1.3.3\jakarta.transaction-api-1.3.3.jar;C:\Users\ortiz\.m2\repository\jakarta\persistence\jakarta.persistence-api\2.2.3\jakarta.persistence-api-2.2.3.jar;C:\Users\ortiz\.m2\repository\org\hibernate\hibernate-core\5.6.14.Final\hibernate-core-5.6.14.Final.jar;C:\Users\ortiz\.m2\repository\org\jboss\logging\jboss-logging\3.4.3.Final\jboss-logging-3.4.3.Final.jar;C:\Users\ortiz\.m2\repository\net\bytebuddy\byte-buddy\1.12.22\byte-buddy-1.12.22.jar;C:\Users\ortiz\.m2\repository\antlr\antlr\2.7.7\antlr-2.7.7.jar;C:\Users\ortiz\.m2\repository\org\jboss\jandex\2.4.2.Final\jandex-2.4.2.Final.jar;C:\Users\ortiz\.m2\repository\com\fasterxml\classmate\1.5.1\classmate-1.5.1.jar;C:\Users\ortiz\.m2\repository\org\hibernate\common\hibernate-commons-annotations\5.1.2.Final\hibernate-commons-annotations-5.1.2.Final.jar;C:\Users\ortiz\.m2\repository\org\glassfish\jaxb\jaxb-runtime\2.3.7\jaxb-runtime-2.3.7.jar;C:\Users\ortiz\.m2\repository\org\glassfish\jaxb\txw2\2.3.7\txw2-2.3.7.jar;C:\Users\ortiz\.m2\repository\com\sun\istack\istack-commons-runtime\3.0.12\istack-commons-runtime-3.0.12.jar;C:\Users\ortiz\.m2\repository\
Launcher Type: SUN_STANDARD

[Global flags]
     intx CICompilerCount                          = 4                                         {product} {ergonomic}
     uint ConcGCThreads                            = 2                                         {product} {ergonomic}
     uint G1ConcRefinementThreads                  = 8                                         {product} {ergonomic}
   size_t G1HeapRegionSize                         = 1048576                                   {product} {ergonomic}
    uintx GCDrainStackTargetSize                   = 64                                        {product} {ergonomic}
   size_t InitialHeapSize                          = 134217728                                 {product} {ergonomic}
     bool ManagementServer                         = true                                      {product} {command line}
   size_t MarkStackSize                            = 4194304                                   {product} {ergonomic}
   size_t MaxHeapSize                              = 2118123520                                {product} {ergonomic}
   size_t MinHeapDeltaBytes                        = 1048576                                   {product} {ergonomic}
   size_t MinHeapSize                              = 8388608                                   {product} {ergonomic}
    uintx NonNMethodCodeHeapSize                   = 7549744                                {pd product} {ergonomic}
    uintx NonProfiledCodeHeapSize                  = 244108496                              {pd product} {ergonomic}
    uintx ProfiledCodeHeapSize                     = 0                                      {pd product} {ergonomic}
    uintx ReservedCodeCacheSize                    = 251658240                              {pd product} {ergonomic}
     bool SegmentedCodeCache                       = true                                      {product} {ergonomic}
     bool ShowCodeDetailsInExceptionMessages       = true                                   {manageable} {command line}
   size_t SoftMaxHeapSize                          = 2118123520                             {manageable} {ergonomic}
     intx TieredStopAtLevel                        = 1                                         {product} {command line}
     bool UseCompressedClassPointers               = true                                 {lp64_product} {ergonomic}
     bool UseCompressedOops                        = true                                 {lp64_product} {ergonomic}
     bool UseG1GC                                  = true                                      {product} {ergonomic}
     bool UseLargePagesIndividualAllocation        = false                                  {pd product} {ergonomic}

Logging:
Log output configuration:
 #0: stdout all=warning uptime,level,tags
 #1: stderr all=off uptime,level,tags

Environment Variables:
JAVA_HOME=C:\Program Files\Java\jdk-11.0.15
PATH=C:/Users/ortiz/Documents/NelsonOrtizArchivos/Spring EDX/spring/contents/sts//plugins/org.eclipse.justj.openjdk.hotspot.jre.full.win32.x86_64_14.0.2.v20200815-0932/jre/bin/server;C:/Users/ortiz/Documents/NelsonOrtizArchivos/Spring EDX/spring/contents/sts//plugins/org.eclipse.justj.openjdk.hotspot.jre.full.win32.x86_64_14.0.2.v20200815-0932/jre/bin;C:\Program Files\Common Files\Oracle\Java\javapath;C:\Program Files (x86)\Common Files\Oracle\Java\javapath;C:\Program Files (x86)\Intel\Intel(R) Management Engine Components\iCLS\;C:\Program Files\Intel\Intel(R) Management Engine Components\iCLS\;C:\WINDOWS\system32;C:\WINDOWS;C:\WINDOWS\System32\Wbem;C:\WINDOWS\System32\WindowsPowerShell\v1.0\;C:\WINDOWS\System32\OpenSSH\;C:\Program Files (x86)\Intel\Intel(R) Management Engine Components\DAL;C:\Program Files\Intel\Intel(R) Management Engine Components\DAL;C:\Program Files (x86)\Intel\Intel(R) Management Engine Components\IPT;C:\Program Files\Intel\Intel(R) Management Engine Components\IPT;C:\Program Files\Intel\WiFi\bin\;C:\Program Files\Common Files\Intel\WirelessCommon\;C:\Program Files\TortoiseSVN\bin;C:\Program Files\Git\cmd;C:\Program Files\Geth;C:\Program Files\nodejs\;C:\Gradle\gradle-6.8.3\bin;C:\Program Files\Java\jdk-11.0.15\bin;C:\Program Files (x86)\Graphviz\bin;C:\Program Files\MySQL\MySQL Shell 8.0\bin\;C:\Users\ortiz\AppData\Local\Microsoft\WindowsApps;C:\Users\ortiz\AppData\Local\Programs\Microsoft VS Code\bin;C:\Users\ortiz\AppData\Roaming\npm;C:\Users\ortiz\AppData\Local\GitHubDesktop\bin;;C:\Users\ortiz\Documents\NelsonOrtizArchivos\Spring EDX\spring\contents\sts;
USERNAME=ortiz
OS=Windows_NT
PROCESSOR_IDENTIFIER=Intel64 Family 6 Model 142 Stepping 10, GenuineIntel



---------------  S Y S T E M  ---------------

OS: Windows 10 , 64 bit Build 22621 (10.0.22621.1105)
OS uptime: 26 days 5:59 hours

CPU:total 8 (initial active 8) (4 cores per cpu, 2 threads per core) family 6 model 142 stepping 10, cmov, cx8, fxsr, mmx, sse, sse2, sse3, ssse3, sse4.1, sse4.2, popcnt, avx, avx2, aes, clmul, erms, 3dnowpref, lzcnt, ht, tsc, tscinvbit, bmi1, bmi2, adx, fma

Memory: 4k page, system-wide physical 8074M (1550M free)
TotalPageFile size 8074M (AvailPageFile size 123M)
current process WorkingSet (physical memory assigned to process): 11M, peak: 11M
current process commit charge ("private bytes"): 57M, peak: 185M

vm_info: OpenJDK 64-Bit Server VM (14.0.2+12-46) for windows-amd64 JRE (14.0.2+12-46), built on Jul  9 2020 00:31:16 by "mach5one" with MS VC++ 15.9 (VS2017)

END.
